\BOOKMARK [1][-]{section.1}{\376\377\000F\000a\000c\000h\000l\000i\000c\000h\000e\000\040\000G\000r\000u\000n\000d\000l\000a\000g\000e\000n\000\040\000u\000n\000d\000\040\000A\000n\000f\000o\000r\000d\000e\000r\000u\000n\000g\000e\000n\000\040\000\050\000T\000e\000a\000m\000\040\000A\000\051}{}% 1
\BOOKMARK [2][-]{subsection.1.1}{\376\377\000Z\000i\000e\000l\000s\000e\000t\000z\000u\000n\000g\000\040\000d\000e\000s\000\040\000S\000o\000f\000t\000w\000a\000r\000e\000p\000r\000o\000d\000u\000k\000t\000s}{section.1}% 2
\BOOKMARK [3][-]{subsubsection.1.1.1}{\376\377\000P\000r\000o\000d\000u\000k\000t\000n\000a\000m\000e\000\040\000u\000n\000d\000\040\000B\000e\000g\000r\000\374\000n\000d\000u\000n\000g}{subsection.1.1}% 3
\BOOKMARK [2][-]{subsection.1.2}{\376\377\000A\000k\000t\000e\000u\000r\000e\000\040\000u\000n\000d\000\040\000R\000o\000l\000l\000e\000n}{section.1}% 4
\BOOKMARK [3][-]{subsubsection.1.2.1}{\376\377\000N\000i\000c\000h\000t\000\040\000r\000e\000g\000i\000s\000t\000r\000i\000e\000r\000t\000e\000\040\000/\000\040\000u\000n\000a\000n\000g\000e\000m\000e\000l\000d\000e\000t\000e\000\040\000A\000k\000t\000e\000u\000r\000e}{subsection.1.2}% 5
\BOOKMARK [3][-]{subsubsection.1.2.2}{\376\377\000R\000e\000g\000i\000s\000t\000r\000i\000e\000r\000t\000e\000\040\000A\000k\000t\000e\000u\000r\000e}{subsection.1.2}% 6
\BOOKMARK [3][-]{subsubsection.1.2.3}{\376\377\000S\000e\000k\000u\000n\000d\000\344\000r\000e\000\040\000A\000k\000t\000e\000u\000r\000e}{subsection.1.2}% 7
\BOOKMARK [2][-]{subsection.1.3}{\376\377\000G\000l\000o\000s\000s\000a\000r\000\040\000d\000e\000r\000\040\000F\000a\000c\000h\000d\000o\000m\000\344\000n\000e}{section.1}% 8
\BOOKMARK [3][-]{subsubsection.1.3.1}{\376\377\000E\000v\000e\000n\000t}{subsection.1.3}% 9
\BOOKMARK [3][-]{subsubsection.1.3.2}{\376\377\000G\000r\000u\000p\000p\000e}{subsection.1.3}% 10
\BOOKMARK [3][-]{subsubsection.1.3.3}{\376\377\000T\000e\000i\000l\000n\000e\000h\000m\000e\000r\000\040\000\050\000P\000r\000i\000v\000a\000t\000n\000u\000t\000z\000e\000r\000\051}{subsection.1.3}% 11
\BOOKMARK [3][-]{subsubsection.1.3.4}{\376\377\000O\000r\000g\000a\000n\000i\000s\000a\000t\000o\000r\000\040\000\050\000G\000r\000u\000p\000p\000e\000n\000l\000e\000i\000t\000e\000r\000\051}{subsection.1.3}% 12
\BOOKMARK [3][-]{subsubsection.1.3.5}{\376\377\000D\000i\000e\000n\000s\000t\000l\000e\000i\000s\000t\000e\000r}{subsection.1.3}% 13
\BOOKMARK [3][-]{subsubsection.1.3.6}{\376\377\000A\000u\000f\000g\000a\000b\000e}{subsection.1.3}% 14
\BOOKMARK [3][-]{subsubsection.1.3.7}{\376\377\000N\000o\000t\000i\000z}{subsection.1.3}% 15
\BOOKMARK [3][-]{subsubsection.1.3.8}{\376\377\000U\000m\000f\000r\000a\000g\000e}{subsection.1.3}% 16
\BOOKMARK [3][-]{subsubsection.1.3.9}{\376\377\000B\000u\000d\000g\000e\000t}{subsection.1.3}% 17
\BOOKMARK [3][-]{subsubsection.1.3.10}{\376\377\000R\000o\000l\000l\000e}{subsection.1.3}% 18
\BOOKMARK [3][-]{subsubsection.1.3.11}{\376\377\000I\000n\000s\000t\000i\000t\000u\000t\000i\000o\000n}{subsection.1.3}% 19
\BOOKMARK [3][-]{subsubsection.1.3.12}{\376\377\000I\000n\000s\000t\000i\000t\000u\000t\000i\000o\000n\000s\000a\000d\000m\000i\000n\000i\000s\000t\000r\000a\000t\000o\000r}{subsection.1.3}% 20
\BOOKMARK [3][-]{subsubsection.1.3.13}{\376\377\000R\000e\000s\000s\000o\000u\000r\000c\000e}{subsection.1.3}% 21
\BOOKMARK [1][-]{section.2}{\376\377\000F\000u\000n\000k\000t\000i\000o\000n\000a\000l\000e\000\040\000A\000n\000f\000o\000r\000d\000e\000r\000u\000n\000g\000e\000n}{}% 22
\BOOKMARK [2][-]{subsection.2.1}{\376\377\000F\000u\000n\000k\000t\000i\000o\000n\000a\000l\000e\000\040\000G\000r\000u\000p\000p\000e\000n\000\040\000\334\000b\000e\000r\000s\000i\000c\000h\000t}{section.2}% 23
\BOOKMARK [2][-]{subsection.2.2}{\376\377\000F\000G\0001\000\040\000A\000c\000c\000o\000u\000n\000t\000\040\000u\000n\000d\000\040\000A\000u\000t\000h\000e\000n\000t\000i\000f\000i\000z\000i\000e\000r\000u\000n\000g}{section.2}% 24
\BOOKMARK [2][-]{subsection.2.3}{\376\377\000F\000G\0002\000\040\000P\000r\000o\000f\000i\000l\000\040\000u\000n\000d\000\040\000E\000i\000n\000s\000t\000e\000l\000l\000u\000n\000g\000e\000n}{section.2}% 25
\BOOKMARK [2][-]{subsection.2.4}{\376\377\000F\000G\0003\000\040\000G\000r\000u\000p\000p\000e\000n\000-\000\040\000u\000n\000d\000\040\000E\000v\000e\000n\000t\000m\000a\000n\000a\000g\000e\000m\000e\000n\000t}{section.2}% 26
\BOOKMARK [2][-]{subsection.2.5}{\376\377\000F\000G\0004\000\040\000N\000o\000t\000i\000z\000e\000n\000\040\000u\000n\000d\000\040\000U\000m\000f\000r\000a\000g\000e\000n}{section.2}% 27
\BOOKMARK [2][-]{subsection.2.6}{\376\377\000F\000G\0005\000\040\000F\000i\000n\000a\000n\000z\000e\000n}{section.2}% 28
\BOOKMARK [2][-]{subsection.2.7}{\376\377\000F\000G\0006\000\040\000A\000u\000f\000g\000a\000b\000e\000n\000m\000a\000n\000a\000g\000e\000m\000e\000n\000t}{section.2}% 29
\BOOKMARK [2][-]{subsection.2.8}{\376\377\000F\000G\0007\000\040\000M\000e\000d\000i\000e\000n\000\040\000u\000n\000d\000\040\000D\000o\000k\000u\000m\000e\000n\000t\000a\000t\000i\000o\000n}{section.2}% 30
\BOOKMARK [2][-]{subsection.2.9}{\376\377\000F\000G\0008\000\040\000R\000o\000l\000l\000e\000n\000-\000\040\000u\000n\000d\000\040\000R\000e\000c\000h\000t\000e\000s\000y\000s\000t\000e\000m}{section.2}% 31
\BOOKMARK [2][-]{subsection.2.10}{\376\377\000F\000G\0009\000\040\000\326\000f\000f\000e\000n\000t\000l\000i\000c\000h\000e\000\040\000E\000v\000e\000n\000t\000s\000e\000i\000t\000e\000\040\000u\000n\000d\000\040\000Q\000R\000-\000C\000o\000d\000e}{section.2}% 32
\BOOKMARK [2][-]{subsection.2.11}{\376\377\000F\000G\0001\0000\000\040\000I\000n\000t\000e\000g\000r\000a\000t\000i\000o\000n\000\040\000u\000n\000d\000\040\000B\000e\000n\000a\000c\000h\000r\000i\000c\000h\000t\000i\000g\000u\000n\000g\000e\000n}{section.2}% 33
\BOOKMARK [2][-]{subsection.2.12}{\376\377\000F\000G\0001\0001\000\040\000D\000i\000e\000n\000s\000t\000l\000e\000i\000s\000t\000e\000r\000\040\000u\000n\000d\000\040\000A\000n\000f\000r\000a\000g\000e\000n}{section.2}% 34
\BOOKMARK [2][-]{subsection.2.13}{\376\377\000F\000G\0001\0002\000\040\000R\000e\000s\000s\000o\000u\000r\000c\000e\000n\000p\000l\000a\000n\000u\000n\000g}{section.2}% 35
\BOOKMARK [1][-]{section.3}{\376\377\000N\000i\000c\000h\000t\000-\000f\000u\000n\000k\000t\000i\000o\000n\000a\000l\000e\000\040\000A\000n\000f\000o\000r\000d\000e\000r\000u\000n\000g\000e\000n\000\040\000\050\000I\000S\000O\000\040\0002\0005\0000\0001\0000\000\051}{}% 36
\BOOKMARK [2][-]{subsection.3.1}{\376\377\000P\000e\000r\000f\000o\000r\000m\000a\000n\000c\000e\000\040\000E\000f\000f\000i\000c\000i\000e\000n\000c\000y}{section.3}% 37
\BOOKMARK [2][-]{subsection.3.2}{\376\377\000C\000o\000m\000p\000a\000t\000i\000b\000i\000l\000i\000t\000y}{section.3}% 38
\BOOKMARK [2][-]{subsection.3.3}{\376\377\000U\000s\000a\000b\000i\000l\000i\000t\000y\000\040\000\050\000G\000e\000b\000r\000a\000u\000c\000h\000s\000t\000a\000u\000g\000l\000i\000c\000h\000k\000e\000i\000t\000\051}{section.3}% 39
\BOOKMARK [2][-]{subsection.3.4}{\376\377\000R\000e\000l\000i\000a\000b\000i\000l\000i\000t\000y\000\040\000\050\000Z\000u\000v\000e\000r\000l\000\344\000s\000s\000i\000g\000k\000e\000i\000t\000\051}{section.3}% 40
\BOOKMARK [2][-]{subsection.3.5}{\376\377\000S\000e\000c\000u\000r\000i\000t\000y\000\040\000\050\000S\000i\000c\000h\000e\000r\000h\000e\000i\000t\000\051}{section.3}% 41
\BOOKMARK [2][-]{subsection.3.6}{\376\377\000M\000a\000i\000n\000t\000a\000i\000n\000a\000b\000i\000l\000i\000t\000y\000\040\000\050\000W\000a\000r\000t\000b\000a\000r\000k\000e\000i\000t\000\051}{section.3}% 42
\BOOKMARK [2][-]{subsection.3.7}{\376\377\000P\000o\000r\000t\000a\000b\000i\000l\000i\000t\000y\000\040\000\050\000\334\000b\000e\000r\000t\000r\000a\000g\000b\000a\000r\000k\000e\000i\000t\000\051}{section.3}% 43
\BOOKMARK [2][-]{subsection.3.8}{\376\377\000D\000a\000t\000e\000n\000s\000c\000h\000u\000t\000z\000\040\000\050\000n\000i\000c\000h\000t\000\040\000a\000u\000s\000\040\000d\000e\000r\000\040\000I\000S\000O\000\051}{section.3}% 44
\BOOKMARK [1][-]{section.4}{\376\377\000G\000r\000a\000p\000h\000i\000s\000c\000h\000e\000\040\000B\000e\000n\000u\000t\000z\000u\000n\000g\000s\000s\000c\000h\000n\000i\000t\000t\000s\000t\000e\000l\000l\000e}{}% 45
\BOOKMARK [2][-]{subsection.4.1}{\376\377\000D\000e\000s\000i\000g\000n\000p\000r\000i\000n\000z\000i\000p\000i\000e\000n\000\040\000u\000n\000d\000\040\000U\000X\000-\000G\000r\000u\000n\000d\000l\000a\000g\000e\000n}{section.4}% 46
\BOOKMARK [3][-]{subsubsection.4.1.1}{\376\377\000Z\000i\000e\000l\000s\000e\000t\000z\000u\000n\000g\000\040\000d\000e\000r\000\040\000B\000e\000n\000u\000t\000z\000e\000r\000o\000b\000e\000r\000f\000l\000\344\000c\000h\000e}{subsection.4.1}% 47
\BOOKMARK [3][-]{subsubsection.4.1.2}{\376\377\000K\000o\000n\000s\000i\000s\000t\000e\000n\000z\000\040\000u\000n\000d\000\040\000N\000a\000v\000i\000g\000a\000t\000i\000o\000n\000s\000k\000o\000n\000z\000e\000p\000t}{subsection.4.1}% 48
\BOOKMARK [3][-]{subsubsection.4.1.3}{\376\377\000R\000o\000l\000l\000e\000n\000b\000a\000s\000i\000e\000r\000t\000e\000\040\000D\000a\000r\000s\000t\000e\000l\000l\000u\000n\000g}{subsection.4.1}% 49
\BOOKMARK [3][-]{subsubsection.4.1.4}{\376\377\000R\000e\000s\000p\000o\000n\000s\000i\000v\000e\000s\000\040\000D\000e\000s\000i\000g\000n\000\040\000u\000n\000d\000\040\000G\000e\000r\000\344\000t\000e\000u\000n\000a\000b\000h\000\344\000n\000g\000i\000g\000k\000e\000i\000t}{subsection.4.1}% 50
\BOOKMARK [3][-]{subsubsection.4.1.5}{\376\377\000F\000e\000h\000l\000e\000r\000v\000e\000r\000m\000e\000i\000d\000u\000n\000g\000\040\000u\000n\000d\000\040\000S\000y\000s\000t\000e\000m\000f\000e\000e\000d\000b\000a\000c\000k}{subsection.4.1}% 51
\BOOKMARK [3][-]{subsubsection.4.1.6}{\376\377\000B\000a\000r\000r\000i\000e\000r\000e\000a\000r\000m\000e\000\040\000B\000e\000d\000i\000e\000n\000b\000a\000r\000k\000e\000i\000t}{subsection.4.1}% 52
\BOOKMARK [2][-]{subsection.4.2}{\376\377\000N\000a\000v\000i\000g\000a\000t\000i\000o\000n\000s\000m\000o\000d\000e\000l\000l\000e}{section.4}% 53
\BOOKMARK [3][-]{subsubsection.4.2.1}{\376\377\000Z\000u\000s\000t\000a\000n\000d\000s\000d\000i\000a\000g\000r\000a\000m\000m\000\040\040\023\000\040\000P\000r\000i\000v\000a\000t\000n\000u\000t\000z\000e\000r}{subsection.4.2}% 54
\BOOKMARK [3][-]{subsubsection.4.2.2}{\376\377\000Z\000u\000s\000t\000a\000n\000d\000s\000d\000i\000a\000g\000r\000a\000m\000m\000\040\040\023\000\040\000O\000r\000g\000a\000n\000i\000s\000a\000t\000o\000r}{subsection.4.2}% 55
\BOOKMARK [3][-]{subsubsection.4.2.3}{\376\377\000Z\000u\000s\000t\000a\000n\000d\000s\000d\000i\000a\000g\000r\000a\000m\000m\000\040\040\023\000\040\000D\000i\000e\000n\000s\000t\000l\000e\000i\000s\000t\000e\000r}{subsection.4.2}% 56
\BOOKMARK [2][-]{subsection.4.3}{\376\377\000W\000e\000b\000b\000r\000o\000w\000s\000e\000r\000-\000M\000o\000c\000k\000u\000p\000s}{section.4}% 57
\BOOKMARK [3][-]{subsubsection.4.3.1}{\376\377\000L\000o\000g\000i\000n\000\040\000\046\000\040\000R\000e\000g\000i\000s\000t\000r\000i\000e\000r\000u\000n\000g}{subsection.4.3}% 58
\BOOKMARK [3][-]{subsubsection.4.3.2}{\376\377\000D\000a\000s\000h\000b\000o\000a\000r\000d}{subsection.4.3}% 59
\BOOKMARK [3][-]{subsubsection.4.3.3}{\376\377\000G\000r\000u\000p\000p\000e\000n\000\374\000b\000e\000r\000s\000i\000c\000h\000t}{subsection.4.3}% 60
\BOOKMARK [3][-]{subsubsection.4.3.4}{\376\377\000E\000v\000e\000n\000t\000-\000D\000e\000t\000a\000i\000l\000s\000e\000i\000t\000e}{subsection.4.3}% 61
\BOOKMARK [3][-]{subsubsection.4.3.5}{\376\377\000F\000i\000n\000a\000n\000z\000e\000n}{subsection.4.3}% 62
\BOOKMARK [3][-]{subsubsection.4.3.6}{\376\377\000N\000o\000t\000i\000z\000e\000n\000\040\000\046\000\040\000U\000m\000f\000r\000a\000g\000e\000n}{subsection.4.3}% 63
\BOOKMARK [3][-]{subsubsection.4.3.7}{\376\377\000A\000u\000f\000g\000a\000b\000e\000n\000p\000l\000a\000n\000u\000n\000g}{subsection.4.3}% 64
\BOOKMARK [3][-]{subsubsection.4.3.8}{\376\377\000P\000r\000o\000f\000i\000l\000\040\000\046\000\040\000E\000i\000n\000s\000t\000e\000l\000l\000u\000n\000g\000e\000n}{subsection.4.3}% 65
\BOOKMARK [3][-]{subsubsection.4.3.9}{\376\377\000D\000i\000e\000n\000s\000t\000l\000e\000i\000s\000t\000e\000r\000-\000D\000a\000s\000h\000b\000o\000a\000r\000d}{subsection.4.3}% 66
\BOOKMARK [3][-]{subsubsection.4.3.10}{\376\377\000R\000o\000l\000l\000e\000n\000-\000\040\000u\000n\000d\000\040\000R\000e\000c\000h\000t\000e\000v\000e\000r\000w\000a\000l\000t\000u\000n\000g}{subsection.4.3}% 67
\BOOKMARK [3][-]{subsubsection.4.3.11}{\376\377\000E\000v\000e\000n\000t\000a\000n\000f\000r\000a\000g\000e}{subsection.4.3}% 68
\BOOKMARK [3][-]{subsubsection.4.3.12}{\376\377\000E\000v\000e\000n\000t\000\374\000b\000e\000r\000s\000i\000c\000h\000t\000\040\000\050\000L\000e\000s\000e\000m\000o\000d\000u\000s\000\051}{subsection.4.3}% 69
\BOOKMARK [2][-]{subsection.4.4}{\376\377\000M\000o\000b\000i\000l\000e\000-\000A\000p\000p\000-\000M\000o\000c\000k\000u\000p\000s}{section.4}% 70
\BOOKMARK [3][-]{subsubsection.4.4.1}{\376\377\000D\000a\000s\000h\000b\000o\000a\000r\000d\000\040\000\050\000M\000o\000b\000i\000l\000\051}{subsection.4.4}% 71
\BOOKMARK [3][-]{subsubsection.4.4.2}{\376\377\000E\000v\000e\000n\000t\000-\000D\000e\000t\000a\000i\000l\000s\000\040\000\050\000M\000o\000b\000i\000l\000\051}{subsection.4.4}% 72
\BOOKMARK [3][-]{subsubsection.4.4.3}{\376\377\000A\000u\000f\000g\000a\000b\000e\000n\000\040\000\050\000M\000o\000b\000i\000l\000\051}{subsection.4.4}% 73
\BOOKMARK [3][-]{subsubsection.4.4.4}{\376\377\000F\000i\000n\000a\000n\000z\000e\000n\000\040\000\050\000M\000o\000b\000i\000l\000\051}{subsection.4.4}% 74
\BOOKMARK [1][-]{section.5}{\376\377\000\334\000b\000e\000r\000s\000i\000c\000h\000t\000\040\000v\000e\000r\000w\000e\000n\000d\000e\000t\000e\000r\000\040\000H\000i\000l\000f\000s\000m\000i\000t\000t\000e\000l}{}% 75
\BOOKMARK [2][-]{subsection.5.1}{\376\377\000O\000p\000e\000n\000A\000I\000\040\000C\000h\000a\000t\000G\000P\000T\000\040\000\050\000o\000p\000e\000n\000a\000i\000.\000c\000o\000m\000,\000\040\000c\000h\000a\000t\000g\000p\000t\000.\000c\000o\000m\000\051}{section.5}% 76
\BOOKMARK [3][-]{subsubsection.5.1.1}{\376\377\000N\000u\000t\000z\000u\000n\000g\000\040\000v\000o\000n\000\040\000C\000h\000a\000t\000G\000P\000T\000\040\000z\000u\000r\000\040\000F\000o\000r\000m\000a\000t\000i\000e\000r\000u\000n\000g}{subsection.5.1}% 77
\BOOKMARK [3][-]{subsubsection.5.1.2}{\376\377\000G\000e\000n\000e\000r\000i\000e\000r\000u\000n\000g\000\040\000v\000o\000n\000\040\000M\000o\000c\000k\000u\000p\000s}{subsection.5.1}% 78
\BOOKMARK [3][-]{subsubsection.5.1.3}{\376\377\000P\000r\000o\000m\000p\000t\000s}{subsection.5.1}% 79
