This is pdfTeX, Version 3.141592653-2.6-1.40.27 (TeX Live 2026/dev/Arch Linux) (preloaded format=pdflatex 2026.2.5)  6 FEB 2026 11:57
entering extended mode
 restricted \write18 enabled.
 file:line:error style messages enabled.
 %&-line parsing enabled.
**/home/felix/dev/SoftwaretechnikWS26/abgabe.tex
(/home/felix/dev/SoftwaretechnikWS26/abgabe.tex
LaTeX2e <2024-11-01> patch level 2
L3 programming layer <2025-01-18>
(/usr/share/texmf-dist/tex/latex/base/article.cls
Document Class: article 2024/06/29 v1.4n Standard LaTeX document class
(/usr/share/texmf-dist/tex/latex/base/size12.clo
File: size12.clo 2024/06/29 v1.4n Standard LaTeX file (size option)
)
\c@part=\count196
\c@section=\count197
\c@subsection=\count198
\c@subsubsection=\count199
\c@paragraph=\count266
\c@subparagraph=\count267
\c@figure=\count268
\c@table=\count269
\abovecaptionskip=\skip49
\belowcaptionskip=\skip50
\bibindent=\dimen141
) (/usr/share/texmf-dist/tex/latex/base/fontenc.sty
Package: fontenc 2021/04/29 v2.0v Standard LaTeX package
) (/usr/share/texmf-dist/tex/latex/base/inputenc.sty
Package: inputenc 2024/02/08 v1.3d Input encoding file
\inpenc@prehook=\toks17
\inpenc@posthook=\toks18
) (/usr/share/texmf-dist/tex/generic/babel/babel.sty
Package: babel 2025/02/14 v25.4 The multilingual framework for pdfLaTeX, LuaLaTeX and XeLaTeX
\babel@savecnt=\count270
\U@D=\dimen142
\l@unhyphenated=\language8
 (/usr/share/texmf-dist/tex/generic/babel/txtbabel.def)
\bbl@readstream=\read2
\bbl@dirlevel=\count271
 (/usr/share/texmf-dist/tex/generic/babel-german/ngerman.ldf
Language: ngerman 2024/12/10 v2.15 German support for babel (post-1996 orthography)
 (/usr/share/texmf-dist/tex/generic/babel-german/ngermanb.ldf
Language: ngermanb 2024/12/10 v2.15 German support for babel (post-1996 orthography)
Package babel Info: Making " an active character on input line 122.
))) (/usr/share/texmf-dist/tex/generic/babel/locale/de/babel-ngerman.tex
Package babel Info: Importing font and identification data for ngerman
(babel)             from babel-de.ini. Reported on input line 11.
) (/usr/share/texmf-dist/tex/latex/geometry/geometry.sty
Package: geometry 2020/01/02 v5.9 Page Geometry
 (/usr/share/texmf-dist/tex/latex/graphics/keyval.sty
Package: keyval 2022/05/29 v1.15 key=value parser (DPC)
\KV@toks@=\toks19
) (/usr/share/texmf-dist/tex/generic/iftex/ifvtex.sty
Package: ifvtex 2019/10/25 v1.7 ifvtex legacy package. Use iftex instead.
 (/usr/share/texmf-dist/tex/generic/iftex/iftex.sty
Package: iftex 2024/12/12 v1.0g TeX engine tests
))
\Gm@cnth=\count272
\Gm@cntv=\count273
\c@Gm@tempcnt=\count274
\Gm@bindingoffset=\dimen143
\Gm@wd@mp=\dimen144
\Gm@odd@mp=\dimen145
\Gm@even@mp=\dimen146
\Gm@layoutwidth=\dimen147
\Gm@layoutheight=\dimen148
\Gm@layouthoffset=\dimen149
\Gm@layoutvoffset=\dimen150
\Gm@dimlist=\toks20
) (/usr/share/texmf-dist/tex/latex/microtype/microtype.sty
Package: microtype 2025/02/11 v3.2a Micro-typographical refinements (RS)
 (/usr/share/texmf-dist/tex/latex/etoolbox/etoolbox.sty
Package: etoolbox 2025/02/11 v2.5l e-TeX tools for LaTeX (JAW)
\etb@tempcnta=\count275
)
\MT@toks=\toks21
\MT@tempbox=\box52
\MT@count=\count276
LaTeX Info: Redefining \noprotrusionifhmode on input line 1087.
LaTeX Info: Redefining \leftprotrusion on input line 1088.
\MT@prot@toks=\toks22
LaTeX Info: Redefining \rightprotrusion on input line 1107.
LaTeX Info: Redefining \textls on input line 1449.
\MT@outer@kern=\dimen151
LaTeX Info: Redefining \microtypecontext on input line 2053.
LaTeX Info: Redefining \textmicrotypecontext on input line 2070.
\MT@listname@count=\count277
 (/usr/share/texmf-dist/tex/latex/microtype/microtype-pdftex.def
File: microtype-pdftex.def 2025/02/11 v3.2a Definitions specific to pdftex (RS)
LaTeX Info: Redefining \lsstyle on input line 944.
LaTeX Info: Redefining \lslig on input line 944.
\MT@outer@space=\skip51
)
Package microtype Info: Loading configuration file microtype.cfg.
 (/usr/share/texmf-dist/tex/latex/microtype/microtype.cfg
File: microtype.cfg 2025/02/11 v3.2a microtype main configuration file (RS)
)
LaTeX Info: Redefining \microtypesetup on input line 3065.
) (/usr/share/texmf-dist/tex/latex/tools/longtable.sty
Package: longtable 2024-10-27 v4.22 Multi-page Table package (DPC)
\LTleft=\skip52
\LTright=\skip53
\LTpre=\skip54
\LTpost=\skip55
\LTchunksize=\count278
\LTcapwidth=\dimen152
\LT@head=\box53
\LT@firsthead=\box54
\LT@foot=\box55
\LT@lastfoot=\box56
\LT@gbox=\box57
\LT@cols=\count279
\LT@rows=\count280
\c@LT@tables=\count281
\c@LT@chunks=\count282
\LT@p@ftn=\toks23
) (/usr/share/texmf-dist/tex/latex/tools/tabularx.sty
Package: tabularx 2023/12/11 v2.12a `tabularx' package (DPC)
 (/usr/share/texmf-dist/tex/latex/tools/array.sty
Package: array 2024/10/17 v2.6g Tabular extension package (FMi)
\col@sep=\dimen153
\ar@mcellbox=\box58
\extrarowheight=\dimen154
\NC@list=\toks24
\extratabsurround=\skip56
\backup@length=\skip57
\ar@cellbox=\box59
)
\TX@col@width=\dimen155
\TX@old@table=\dimen156
\TX@old@col=\dimen157
\TX@target=\dimen158
\TX@delta=\dimen159
\TX@cols=\count283
\TX@ftn=\toks25
) (/usr/share/texmf-dist/tex/latex/booktabs/booktabs.sty
Package: booktabs 2020/01/12 v1.61803398 Publication quality tables
\heavyrulewidth=\dimen160
\lightrulewidth=\dimen161
\cmidrulewidth=\dimen162
\belowrulesep=\dimen163
\belowbottomsep=\dimen164
\aboverulesep=\dimen165
\abovetopsep=\dimen166
\cmidrulesep=\dimen167
\cmidrulekern=\dimen168
\defaultaddspace=\dimen169
\@cmidla=\count284
\@cmidlb=\count285
\@aboverulesep=\dimen170
\@belowrulesep=\dimen171
\@thisruleclass=\count286
\@lastruleclass=\count287
\@thisrulewidth=\dimen172
) (/usr/share/texmf-dist/tex/latex/ltablex/ltablex.sty
Package: ltablex 2014/08/13 v1.1 Modified tabularx
) (/usr/share/texmf-dist/tex/latex/enumitem/enumitem.sty
Package: enumitem 2025/02/06 v3.11 Customized lists
\labelindent=\skip58
\enit@outerparindent=\dimen173
\enit@toks=\toks26
\enit@inbox=\box60
\enit@count@id=\count288
\enitdp@description=\count289
) (/usr/share/texmf-dist/tex/latex/graphics/graphicx.sty
Package: graphicx 2021/09/16 v1.2d Enhanced LaTeX Graphics (DPC,SPQR)
 (/usr/share/texmf-dist/tex/latex/graphics/graphics.sty
Package: graphics 2024/08/06 v1.4g Standard LaTeX Graphics (DPC,SPQR)
 (/usr/share/texmf-dist/tex/latex/graphics/trig.sty
Package: trig 2023/12/02 v1.11 sin cos tan (DPC)
) (/usr/share/texmf-dist/tex/latex/graphics-cfg/graphics.cfg
File: graphics.cfg 2016/06/04 v1.11 sample graphics configuration
)
Package graphics Info: Driver file: pdftex.def on input line 106.
 (/usr/share/texmf-dist/tex/latex/graphics-def/pdftex.def
File: pdftex.def 2024/04/13 v1.2c Graphics/color driver for pdftex
))
\Gin@req@height=\dimen174
\Gin@req@width=\dimen175
) (/usr/share/texmf-dist/tex/latex/float/float.sty
Package: float 2001/11/08 v1.3d Float enhancements (AL)
\c@float@type=\count290
\float@exts=\toks27
\float@box=\box61
\@float@everytoks=\toks28
\@floatcapt=\box62
) (/usr/share/texmf-dist/tex/latex/hyperref/hyperref.sty
Package: hyperref 2024-11-05 v7.01l Hypertext links for LaTeX
 (/usr/share/texmf-dist/tex/latex/kvsetkeys/kvsetkeys.sty
Package: kvsetkeys 2022-10-05 v1.19 Key value parser (HO)
) (/usr/share/texmf-dist/tex/generic/kvdefinekeys/kvdefinekeys.sty
Package: kvdefinekeys 2019-12-19 v1.6 Define keys (HO)
) (/usr/share/texmf-dist/tex/generic/pdfescape/pdfescape.sty
Package: pdfescape 2019/12/09 v1.15 Implements pdfTeX's escape features (HO)
 (/usr/share/texmf-dist/tex/generic/ltxcmds/ltxcmds.sty
Package: ltxcmds 2023-12-04 v1.26 LaTeX kernel commands for general use (HO)
) (/usr/share/texmf-dist/tex/generic/pdftexcmds/pdftexcmds.sty
Package: pdftexcmds 2020-06-27 v0.33 Utility functions of pdfTeX for LuaTeX (HO)
 (/usr/share/texmf-dist/tex/generic/infwarerr/infwarerr.sty
Package: infwarerr 2019/12/03 v1.5 Providing info/warning/error messages (HO)
)
Package pdftexcmds Info: \pdf@primitive is available.
Package pdftexcmds Info: \pdf@ifprimitive is available.
Package pdftexcmds Info: \pdfdraftmode found.
)) (/usr/share/texmf-dist/tex/latex/hycolor/hycolor.sty
Package: hycolor 2020-01-27 v1.10 Color options for hyperref/bookmark (HO)
) (/usr/share/texmf-dist/tex/latex/hyperref/nameref.sty
Package: nameref 2023-11-26 v2.56 Cross-referencing by name of section
 (/usr/share/texmf-dist/tex/latex/refcount/refcount.sty
Package: refcount 2019/12/15 v3.6 Data extraction from label references (HO)
) (/usr/share/texmf-dist/tex/generic/gettitlestring/gettitlestring.sty
Package: gettitlestring 2019/12/15 v1.6 Cleanup title references (HO)
 (/usr/share/texmf-dist/tex/latex/kvoptions/kvoptions.sty
Package: kvoptions 2022-06-15 v3.15 Key value format for package options (HO)
))
\c@section@level=\count291
) (/usr/share/texmf-dist/tex/generic/stringenc/stringenc.sty
Package: stringenc 2019/11/29 v1.12 Convert strings between diff. encodings (HO)
)
\@linkdim=\dimen176
\Hy@linkcounter=\count292
\Hy@pagecounter=\count293
 (/usr/share/texmf-dist/tex/latex/hyperref/pd1enc.def
File: pd1enc.def 2024-11-05 v7.01l Hyperref: PDFDocEncoding definition (HO)
Now handling font encoding PD1 ...
... no UTF-8 mapping file for font encoding PD1
) (/usr/share/texmf-dist/tex/generic/intcalc/intcalc.sty
Package: intcalc 2019/12/15 v1.3 Expandable calculations with integers (HO)
)
\Hy@SavedSpaceFactor=\count294
 (/usr/share/texmf-dist/tex/latex/hyperref/puenc.def
File: puenc.def 2024-11-05 v7.01l Hyperref: PDF Unicode definition (HO)
Now handling font encoding PU ...
... no UTF-8 mapping file for font encoding PU
)
Package hyperref Info: Hyper figures OFF on input line 4157.
Package hyperref Info: Link nesting OFF on input line 4162.
Package hyperref Info: Hyper index ON on input line 4165.
Package hyperref Info: Plain pages OFF on input line 4172.
Package hyperref Info: Backreferencing OFF on input line 4177.
Package hyperref Info: Implicit mode ON; LaTeX internals redefined.
Package hyperref Info: Bookmarks ON on input line 4424.
\c@Hy@tempcnt=\count295
 (/usr/share/texmf-dist/tex/latex/url/url.sty
\Urlmuskip=\muskip17
Package: url 2013/09/16  ver 3.4  Verb mode for urls, etc.
)
LaTeX Info: Redefining \url on input line 4763.
\XeTeXLinkMargin=\dimen177
 (/usr/share/texmf-dist/tex/generic/bitset/bitset.sty
Package: bitset 2019/12/09 v1.3 Handle bit-vector datatype (HO)
 (/usr/share/texmf-dist/tex/generic/bigintcalc/bigintcalc.sty
Package: bigintcalc 2019/12/15 v1.5 Expandable calculations on big integers (HO)
))
\Fld@menulength=\count296
\Field@Width=\dimen178
\Fld@charsize=\dimen179
Package hyperref Info: Hyper figures OFF on input line 6042.
Package hyperref Info: Link nesting OFF on input line 6047.
Package hyperref Info: Hyper index ON on input line 6050.
Package hyperref Info: backreferencing OFF on input line 6057.
Package hyperref Info: Link coloring OFF on input line 6062.
Package hyperref Info: Link coloring with OCG OFF on input line 6067.
Package hyperref Info: PDF/A mode OFF on input line 6072.
 (/usr/share/texmf-dist/tex/latex/base/atbegshi-ltx.sty
Package: atbegshi-ltx 2021/01/10 v1.0c Emulation of the original atbegshi
package with kernel methods
)
\Hy@abspage=\count297
\c@Item=\count298
\c@Hfootnote=\count299
)
Package hyperref Info: Driver (autodetected): hpdftex.
 (/usr/share/texmf-dist/tex/latex/hyperref/hpdftex.def
File: hpdftex.def 2024-11-05 v7.01l Hyperref driver for pdfTeX
 (/usr/share/texmf-dist/tex/latex/base/atveryend-ltx.sty
Package: atveryend-ltx 2020/08/19 v1.0a Emulation of the original atveryend package
with kernel methods
)
\Fld@listcount=\count300
\c@bookmark@seq@number=\count301
 (/usr/share/texmf-dist/tex/latex/rerunfilecheck/rerunfilecheck.sty
Package: rerunfilecheck 2022-07-10 v1.10 Rerun checks for auxiliary files (HO)
 (/usr/share/texmf-dist/tex/generic/uniquecounter/uniquecounter.sty
Package: uniquecounter 2019/12/15 v1.4 Provide unlimited unique counter (HO)
)
Package uniquecounter Info: New unique counter `rerunfilecheck' on input line 285.
)
\Hy@SectionHShift=\skip59
) (/usr/share/texmf-dist/tex/latex/fancyvrb/fancyvrb.sty
Package: fancyvrb 2024/01/20 4.5c verbatim text (tvz,hv)
\FV@CodeLineNo=\count302
\FV@InFile=\read3
\FV@TabBox=\box63
\c@FancyVerbLine=\count303
\FV@StepNumber=\count304
\FV@OutFile=\write3
) (/usr/share/texmf-dist/tex/latex/fvextra/fvextra.sty
Package: fvextra 2025/03/04 v1.12.0 fvextra - extensions and patches for fancyvrb
 (/usr/share/texmf-dist/tex/latex/upquote/upquote.sty
Package: upquote 2012/04/19 v1.3 upright-quote and grave-accent glyphs in verbatim
 (/usr/share/texmf-dist/tex/latex/base/textcomp.sty
Package: textcomp 2024/04/24 v2.1b Standard LaTeX package
)) (/usr/share/texmf-dist/tex/latex/lineno/lineno.sty
Package: lineno 2025/01/29 line numbers on paragraphs v5.4
\linenopenalty=\count305
\output=\toks29
\linenoprevgraf=\count306
\linenumbersep=\dimen180
\linenumberwidth=\dimen181
\c@linenumber=\count307
\c@pagewiselinenumber=\count308
\c@LN@truepage=\count309
\c@internallinenumber=\count310
\c@internallinenumbers=\count311
\quotelinenumbersep=\dimen182
\bframerule=\dimen183
\bframesep=\dimen184
\bframebox=\box64
LaTeX Info: Redefining \\ on input line 3187.
)
\c@FancyVerbWriteLine=\count312
\c@FancyVerbBufferLine=\count313
\c@FV@TrueTabGroupLevel=\count314
\c@FV@TrueTabCounter=\count315
\FV@TabBox@Group=\box65
\FV@bgcolorstructbox=\box66
\FV@TmpLength=\skip60
\c@FV@HighlightLinesStart=\count316
\c@FV@HighlightLinesStop=\count317
\FV@LoopCount=\count318
\FV@NCharsBox=\box67
\FV@BreakIndent=\dimen185
\FV@BreakIndentNChars=\count319
\FV@BreakSymbolSepLeft=\dimen186
\FV@BreakSymbolSepLeftNChars=\count320
\FV@BreakSymbolSepRight=\dimen187
\FV@BreakSymbolSepRightNChars=\count321
\FV@BreakSymbolIndentLeft=\dimen188
\FV@BreakSymbolIndentLeftNChars=\count322
\FV@BreakSymbolIndentRight=\dimen189
\FV@BreakSymbolIndentRightNChars=\count323
\c@FancyVerbLineBreakLast=\count324
\FV@LineBox=\box68
\FV@LineIndentBox=\box69
\c@FV@BreakBufferDepth=\count325
\FV@LineWidth=\dimen190
) (/usr/share/texmf-dist/tex/latex/l3backend/l3backend-pdftex.def
File: l3backend-pdftex.def 2024-05-08 L3 backend support: PDF output (pdfTeX)
\l__color_backend_stack_int=\count326
\l__pdf_internal_box=\box70
) (./abgabe.aux)
\openout1 = `abgabe.aux'.

LaTeX Font Info:    Checking defaults for OML/cmm/m/it on input line 53.
LaTeX Font Info:    ... okay on input line 53.
LaTeX Font Info:    Checking defaults for OMS/cmsy/m/n on input line 53.
LaTeX Font Info:    ... okay on input line 53.
LaTeX Font Info:    Checking defaults for OT1/cmr/m/n on input line 53.
LaTeX Font Info:    ... okay on input line 53.
LaTeX Font Info:    Checking defaults for T1/cmr/m/n on input line 53.
LaTeX Font Info:    ... okay on input line 53.
LaTeX Font Info:    Checking defaults for TS1/cmr/m/n on input line 53.
LaTeX Font Info:    ... okay on input line 53.
LaTeX Font Info:    Checking defaults for OMX/cmex/m/n on input line 53.
LaTeX Font Info:    ... okay on input line 53.
LaTeX Font Info:    Checking defaults for U/cmr/m/n on input line 53.
LaTeX Font Info:    ... okay on input line 53.
LaTeX Font Info:    Checking defaults for PD1/pdf/m/n on input line 53.
LaTeX Font Info:    ... okay on input line 53.
LaTeX Font Info:    Checking defaults for PU/pdf/m/n on input line 53.
LaTeX Font Info:    ... okay on input line 53.

*geometry* driver: auto-detecting
*geometry* detected driver: pdftex
*geometry* verbose mode - [ preamble ] result:
* driver: pdftex
* paper: a4paper
* layout: <same size as paper>
* layoutoffset:(h,v)=(0.0pt,0.0pt)
* modes: 
* h-part:(L,W,R)=(71.13188pt, 455.24411pt, 71.13188pt)
* v-part:(T,H,B)=(71.13188pt, 702.78308pt, 71.13188pt)
* \paperwidth=597.50787pt
* \paperheight=845.04684pt
* \textwidth=455.24411pt
* \textheight=702.78308pt
* \oddsidemargin=-1.1381pt
* \evensidemargin=-1.1381pt
* \topmargin=-38.1381pt
* \headheight=12.0pt
* \headsep=25.0pt
* \topskip=12.0pt
* \footskip=30.0pt
* \marginparwidth=35.0pt
* \marginparsep=10.0pt
* \columnsep=10.0pt
* \skip\footins=10.8pt plus 4.0pt minus 2.0pt
* \hoffset=0.0pt
* \voffset=0.0pt
* \mag=1000
* \@twocolumnfalse
* \@twosidefalse
* \@mparswitchfalse
* \@reversemarginfalse
* (1in=72.27pt=25.4mm, 1cm=28.453pt)

LaTeX Info: Redefining \microtypecontext on input line 53.
Package microtype Info: Applying patch `item' on input line 53.
Package microtype Info: Applying patch `toc' on input line 53.
Package microtype Info: Applying patch `eqnum' on input line 53.
Package microtype Info: Applying patch `footnote' on input line 53.
Package microtype Info: Applying patch `verbatim' on input line 53.
LaTeX Info: Redefining \microtypesetup on input line 53.
Package microtype Info: Generating PDF output.
Package microtype Info: Character protrusion enabled (level 2).
Package microtype Info: Using default protrusion set `alltext'.
Package microtype Info: Automatic font expansion enabled (level 2),
(microtype)             stretch: 20, shrink: 20, step: 1, non-selected.
Package microtype Info: Using default expansion set `alltext-nott'.
LaTeX Info: Redefining \showhyphens on input line 53.
Package microtype Info: No adjustment of tracking.
Package microtype Info: No adjustment of interword spacing.
Package microtype Info: No adjustment of character kerning.
(/usr/share/texmf-dist/tex/latex/microtype/mt-cmr.cfg
File: mt-cmr.cfg 2013/05/19 v2.2 microtype config. file: Computer Modern Roman (RS)
) (/usr/share/texmf-dist/tex/context/base/mkii/supp-pdf.mkii
[Loading MPS to PDF converter (version 2006.09.02).]
\scratchcounter=\count327
\scratchdimen=\dimen191
\scratchbox=\box71
\nofMPsegments=\count328
\nofMParguments=\count329
\everyMPshowfont=\toks30
\MPscratchCnt=\count330
\MPscratchDim=\dimen192
\MPnumerator=\count331
\makeMPintoPDFobject=\count332
\everyMPtoPDFconversion=\toks31
) (/usr/share/texmf-dist/tex/latex/epstopdf-pkg/epstopdf-base.sty
Package: epstopdf-base 2020-01-24 v2.11 Base part for package epstopdf
Package epstopdf-base Info: Redefining graphics rule for `.eps' on input line 485.
 (/usr/share/texmf-dist/tex/latex/latexconfig/epstopdf-sys.cfg
File: epstopdf-sys.cfg 2010/07/13 v1.3 Configuration of (r)epstopdf for TeX Live
))
Package hyperref Info: Link coloring OFF on input line 53.
 (./abgabe.out) (./abgabe.out)
\@outlinefile=\write4
\openout4 = `abgabe.out'.

LaTeX Font Info:    External font `cmex10' loaded for size
(Font)              <14.4> on input line 55.
LaTeX Font Info:    External font `cmex10' loaded for size
(Font)              <7> on input line 55.
 (./abgabe.toc
LaTeX Font Info:    External font `cmex10' loaded for size
(Font)              <12> on input line 3.
LaTeX Font Info:    External font `cmex10' loaded for size
(Font)              <8> on input line 3.
LaTeX Font Info:    External font `cmex10' loaded for size
(Font)              <6> on input line 3.


[1

{/var/lib/texmf/fonts/map/pdftex/updmap/pdftex.map}{/usr/share/texmf-dist/fonts/enc/dvips/cm-super/cm-super-t1.enc}])
\tf@toc=\write5
\openout5 = `abgabe.toc'.



[2]

[3{/usr/share/texmf-dist/fonts/enc/dvips/cm-super/cm-super-ts1.enc}]

[4]

[5]

[6]
Underfull \hbox (badness 10000) in paragraph at lines 272--272
[]|\T1/cmr/bx/n/12 (+20) In mei-ner
 []


Overfull \hbox (10.6852pt too wide) in paragraph at lines 272--272
[]|\T1/cmr/bx/n/12 (-20) Priorität| 
 []


Overfull \hbox (100.45313pt too wide) in alignment at lines 272--272
 [] [] [] [] [] [] 
 []


Underfull \hbox (badness 10000) in paragraph at lines 272--272
[]|\T1/cmr/bx/n/12 (+20) In mei-ner
 []


Overfull \hbox (10.6852pt too wide) in paragraph at lines 272--272
[]|\T1/cmr/bx/n/12 (-20) Priorität| 
 []


Overfull \hbox (100.45313pt too wide) in alignment at lines 272--272
 [] [] [] [] [] [] 
 []


Underfull \hbox (badness 1838) in paragraph at lines 272--272
[]|\T1/cmr/m/n/12 (+20) ich das Sys-tem
 []


Underfull \hbox (badness 1888) in paragraph at lines 272--272
\T1/cmr/m/n/12 (+20) ge-füllt und Ac-count
 []


Underfull \hbox (badness 4686) in paragraph at lines 272--272
[]|\T1/cmr/m/n/12 (+20) ich Zu-griff auf
 []


Underfull \hbox (badness 10000) in paragraph at lines 272--272
[]|\T1/cmr/m/n/12 (+20) niemand mein
 []


Underfull \hbox (badness 10000) in paragraph at lines 272--272
\T1/cmr/m/n/12 (+20) Kon-to miss-
 []


Underfull \hbox (badness 10000) in paragraph at lines 272--272
[]|\T1/cmr/m/n/12 (+20) Zwei-Faktor-
 []


Underfull \hbox (badness 10000) in paragraph at lines 272--272
\T1/cmr/m/n/12 (-9) Authentifizierung
 []


Underfull \hbox (badness 10000) in paragraph at lines 272--272
[]|\T1/cmr/m/n/12 (+20) zusätzlicher Fak-tor
 []


Underfull \hbox (badness 10000) in paragraph at lines 272--272
\T1/cmr/m/n/12 (+20) wird beim Lo-gin
 []


Overfull \hbox (100.45313pt too wide) in alignment at lines 272--272
 [] [] [] [] [] [] 
 []


Underfull \hbox (badness 10000) in paragraph at lines 279--279
[]|\T1/cmr/bx/n/12 (+20) In mei-ner
 []


Overfull \hbox (10.6852pt too wide) in paragraph at lines 279--279
[]|\T1/cmr/bx/n/12 (-20) Priorität| 
 []


Overfull \hbox (100.45313pt too wide) in alignment at lines 279--279
 [] [] [] [] [] [] 
 []


Underfull \hbox (badness 10000) in paragraph at lines 279--279
[]|\T1/cmr/bx/n/12 (+20) In mei-ner
 []


Overfull \hbox (10.6852pt too wide) in paragraph at lines 279--279
[]|\T1/cmr/bx/n/12 (-20) Priorität| 
 []


Overfull \hbox (100.45313pt too wide) in alignment at lines 279--279
 [] [] [] [] [] [] 
 []


Underfull \hbox (badness 10000) in paragraph at lines 279--279
[]|\T1/cmr/m/n/12 (+20) gespeicherte Da-ten
 []


Underfull \hbox (badness 2042) in paragraph at lines 279--279
[]|\T1/cmr/m/n/12 (+20) sie ak-tu-ell blei-
 []


Underfull \hbox (badness 10000) in paragraph at lines 279--279
[]|\T1/cmr/m/n/12 (+20) Änderungen wer-den
 []


Underfull \hbox (badness 10000) in paragraph at lines 279--279
\T1/cmr/m/n/12 (+20) ni-ka-ti-ons-weg
 []


Underfull \hbox (badness 10000) in paragraph at lines 279--279
[]|\T1/cmr/m/n/12 (+20) bevorzugte Be-
 []


Underfull \hbox (badness 10000) in paragraph at lines 279--279
\T1/cmr/m/n/12 (+12) nach-rich-ti-gun-gen
 []


Underfull \hbox (badness 10000) in paragraph at lines 279--279
[]|\T1/cmr/m/n/12 (+20) ich pas-sen-de
 []


Underfull \hbox (badness 10000) in paragraph at lines 279--279
\T1/cmr/m/n/12 (+20) Nach-rich-ten
 []


Underfull \hbox (badness 1394) in paragraph at lines 279--279
[]|\T1/cmr/m/n/12 (+20) die Spra-che än-
 []


Overfull \hbox (100.45313pt too wide) in alignment at lines 279--279
 [] [] [] [] [] [] 
 []


Underfull \hbox (badness 10000) in paragraph at lines 289--289
[]|\T1/cmr/bx/n/12 (+20) In mei-ner
 []


Overfull \hbox (10.6852pt too wide) in paragraph at lines 289--289
[]|\T1/cmr/bx/n/12 (-20) Priorität| 
 []


Overfull \hbox (100.45313pt too wide) in alignment at lines 289--289
 [] [] [] [] [] [] 
 []


Underfull \hbox (badness 10000) in paragraph at lines 289--289
[]|\T1/cmr/bx/n/12 (+20) In mei-ner
 []


Overfull \hbox (10.6852pt too wide) in paragraph at lines 289--289
[]|\T1/cmr/bx/n/12 (-20) Priorität| 
 []


Overfull \hbox (100.45313pt too wide) in alignment at lines 289--289
 [] [] [] [] [] [] 
 []


Underfull \hbox (badness 1173) in paragraph at lines 289--289
[]|\T1/cmr/m/n/12 (+20) US-10 Grup-pe
 []


Underfull \hbox (badness 1755) in paragraph at lines 289--289
[]|\T1/cmr/m/n/12 (+20) Name und Be-schrei-
 []


Underfull \hbox (badness 1360) in paragraph at lines 289--289
\T1/cmr/m/n/12 (+20) bung wer-den ge-spei-
 []


Underfull \hbox (badness 1173) in paragraph at lines 289--289
[]|\T1/cmr/m/n/12 (+20) US-11 Grup-pe
 []


Underfull \hbox (badness 1173) in paragraph at lines 289--289
[]|\T1/cmr/m/n/12 (+20) US-12 Grup-pe
 []


Underfull \hbox (badness 10000) in paragraph at lines 289--289
[]|\T1/cmr/m/n/12 (+20) ich teil-neh-men
 []


Underfull \hbox (badness 1173) in paragraph at lines 289--289
[]|\T1/cmr/m/n/12 (+20) US-13 Grup-pe
 []


Underfull \hbox (badness 1831) in paragraph at lines 289--289
[]|\T1/cmr/m/n/12 (+20) US-14 Mit-glie-
 []


Underfull \hbox (badness 1831) in paragraph at lines 289--289
[]|\T1/cmr/m/n/12 (+20) US-15 Mit-glie-
 []


Underfull \hbox (badness 2680) in paragraph at lines 289--289
[]|\T1/cmr/m/n/12 (+20) Regeln durch-ge-
 []


Overfull \hbox (100.45313pt too wide) in alignment at lines 289--289
 [] [] [] [] [] [] 
 []



[7]
Underfull \hbox (badness 10000) in paragraph at lines 300--300
[]|\T1/cmr/bx/n/12 (+20) In mei-ner
 []


Overfull \hbox (10.6852pt too wide) in paragraph at lines 300--300
[]|\T1/cmr/bx/n/12 (-20) Priorität| 
 []


Overfull \hbox (100.45313pt too wide) in alignment at lines 300--300
 [] [] [] [] [] [] 
 []


Underfull \hbox (badness 10000) in paragraph at lines 300--300
[]|\T1/cmr/bx/n/12 (+20) In mei-ner
 []


Overfull \hbox (10.6852pt too wide) in paragraph at lines 300--300
[]|\T1/cmr/bx/n/12 (-20) Priorität| 
 []


Overfull \hbox (100.45313pt too wide) in alignment at lines 300--300
 [] [] [] [] [] [] 
 []


Underfull \hbox (badness 10000) in paragraph at lines 300--300
[]|\T1/cmr/m/n/12 (+20) Infos do-ku-men-
 []


Underfull \hbox (badness 10000) in paragraph at lines 300--300
[]|\T1/cmr/m/n/12 (+20) Änderungen wer-den
 []


Underfull \hbox (badness 1077) in paragraph at lines 300--300
[]|\T1/cmr/m/n/12 (+20) irrelevante In-fos
 []


Underfull \hbox (badness 3668) in paragraph at lines 300--300
[]|\T1/cmr/m/n/12 (+20) US-21 Ter-min
 []


Underfull \hbox (badness 10000) in paragraph at lines 300--300
[]|\T1/cmr/m/n/12 (+20) alle in-for-miert
 []


Underfull \hbox (badness 10000) in paragraph at lines 300--300
[]|\T1/cmr/m/n/12 (+20) Entscheidungen
 []


Underfull \hbox (badness 1112) in paragraph at lines 300--300
[]|\T1/cmr/m/n/12 (+20) Antwortoptionen frei
 []


Underfull \hbox (badness 7888) in paragraph at lines 300--300
[]|\T1/cmr/m/n/12 (+20) meine Mei-nung
 []


Underfull \hbox (badness 2368) in paragraph at lines 300--300
[]|\T1/cmr/m/n/12 (+20) Transparenz be-
 []


Underfull \hbox (badness 10000) in paragraph at lines 300--300
[]|\T1/cmr/m/n/12 (+20) Stimmenverteilung
 []


Overfull \hbox (100.45313pt too wide) in alignment at lines 300--300
 [] [] [] [] [] [] 
 []


Underfull \hbox (badness 10000) in paragraph at lines 308--308
[]|\T1/cmr/bx/n/12 (+20) In mei-ner
 []


Overfull \hbox (10.6852pt too wide) in paragraph at lines 308--308
[]|\T1/cmr/bx/n/12 (-20) Priorität| 
 []


Overfull \hbox (100.45313pt too wide) in alignment at lines 308--308
 [] [] [] [] [] [] 
 []


Underfull \hbox (badness 10000) in paragraph at lines 308--308
[]|\T1/cmr/bx/n/12 (+20) In mei-ner
 []


Overfull \hbox (10.6852pt too wide) in paragraph at lines 308--308
[]|\T1/cmr/bx/n/12 (-20) Priorität| 
 []


Overfull \hbox (100.45313pt too wide) in alignment at lines 308--308
 [] [] [] [] [] [] 
 []


Underfull \hbox (badness 2865) in paragraph at lines 308--308
[]|\T1/cmr/m/n/12 (+20) US-25 Ein-zah-
 []


Underfull \hbox (badness 1546) in paragraph at lines 308--308
[]|\T1/cmr/m/n/12 (+20) Event fi-nan-ziert
 []


Underfull \hbox (badness 4429) in paragraph at lines 308--308
[]|\T1/cmr/m/n/12 (+20) Betrag wird ge-spei-
 []


Underfull \hbox (badness 10000) in paragraph at lines 308--308
[]|\T1/cmr/m/n/12 (+20) US-26 Zah-
 []


Underfull \hbox (badness 10000) in paragraph at lines 308--308
\T1/cmr/m/n/12 (+20) lungs-stand
 []


Underfull \hbox (badness 10000) in paragraph at lines 308--308
[]|\T1/cmr/m/n/12 (+20) eingegangenes Geld
 []


Underfull \hbox (badness 10000) in paragraph at lines 308--308
\T1/cmr/m/n/12 (+20) und Ziel-sum-me
 []


Underfull \hbox (badness 1997) in paragraph at lines 308--308
[]|\T1/cmr/m/n/12 (+20) Ausgaben do-ku-
 []


Underfull \hbox (badness 3769) in paragraph at lines 308--308
[]|\T1/cmr/m/n/12 (+20) Kosten trans-pa-
 []


Underfull \hbox (badness 1360) in paragraph at lines 308--308
\T1/cmr/m/n/12 (+20) bung wer-den ge-spei-
 []


Underfull \hbox (badness 2050) in paragraph at lines 308--308
[]|\T1/cmr/m/n/12 (+20) US-28 Kas-sen-
 []


Underfull \hbox (badness 4378) in paragraph at lines 308--308
[]|\T1/cmr/m/n/12 (+20) alle Ein-nah-men
 []


Underfull \hbox (badness 10000) in paragraph at lines 308--308
[]|\T1/cmr/m/n/12 (+20) ich ab-rech-nen
 []


Underfull \hbox (badness 10000) in paragraph at lines 308--308
[]|\T1/cmr/m/n/12 (+20) Rückzahlungen
 []


Overfull \hbox (100.45313pt too wide) in alignment at lines 308--308
 [] [] [] [] [] [] 
 []



[8]
Underfull \hbox (badness 10000) in paragraph at lines 315--315
[]|\T1/cmr/bx/n/12 (+20) In mei-ner
 []


Overfull \hbox (10.6852pt too wide) in paragraph at lines 315--315
[]|\T1/cmr/bx/n/12 (-20) Priorität| 
 []


Overfull \hbox (100.45313pt too wide) in alignment at lines 315--315
 [] [] [] [] [] [] 
 []


Underfull \hbox (badness 10000) in paragraph at lines 315--315
[]|\T1/cmr/bx/n/12 (+20) In mei-ner
 []


Overfull \hbox (10.6852pt too wide) in paragraph at lines 315--315
[]|\T1/cmr/bx/n/12 (-20) Priorität| 
 []


Overfull \hbox (100.45313pt too wide) in alignment at lines 315--315
 [] [] [] [] [] [] 
 []


Underfull \hbox (badness 10000) in paragraph at lines 315--315
[]|\T1/cmr/m/n/12 (+20) Aufgaben an-le-
 []


Underfull \hbox (badness 10000) in paragraph at lines 315--315
[]|\T1/cmr/m/n/12 (+20) To-dos ge-plant
 []


Underfull \hbox (badness 7832) in paragraph at lines 315--315
[]|\T1/cmr/m/n/12 (+20) Aufgaben über-
 []


Underfull \hbox (badness 10000) in paragraph at lines 315--315
[]|\T1/cmr/m/n/12 (+20) Zuständigkeit
 []


Underfull \hbox (badness 5231) in paragraph at lines 315--315
[]|\T1/cmr/m/n/12 (+20) US-33 Er-in-ne-
 []


Underfull \hbox (badness 1521) in paragraph at lines 315--315
[]|\T1/cmr/m/n/12 (+20) nichts ver-ges-sen
 []


Overfull \hbox (100.45313pt too wide) in alignment at lines 315--315
 [] [] [] [] [] [] 
 []


Underfull \hbox (badness 10000) in paragraph at lines 320--320
[]|\T1/cmr/bx/n/12 (+20) In mei-ner
 []


Overfull \hbox (10.6852pt too wide) in paragraph at lines 320--320
[]|\T1/cmr/bx/n/12 (-20) Priorität| 
 []


Overfull \hbox (100.45313pt too wide) in alignment at lines 320--320
 [] [] [] [] [] [] 
 []


Underfull \hbox (badness 10000) in paragraph at lines 320--320
[]|\T1/cmr/bx/n/12 (+20) In mei-ner
 []


Overfull \hbox (10.6852pt too wide) in paragraph at lines 320--320
[]|\T1/cmr/bx/n/12 (-20) Priorität| 
 []


Overfull \hbox (100.45313pt too wide) in alignment at lines 320--320
 [] [] [] [] [] [] 
 []


Underfull \hbox (badness 2680) in paragraph at lines 320--320
[]|\T1/cmr/m/n/12 (+20) US-34 Me-di-en
 []


Underfull \hbox (badness 10000) in paragraph at lines 320--320
[]|\T1/cmr/m/n/12 (+20) US-35 Kom-
 []


Underfull \hbox (badness 10000) in paragraph at lines 320--320
[]|\T1/cmr/m/n/12 (+20) Bewertungen
 []


Underfull \hbox (badness 2689) in paragraph at lines 320--320
[]|\T1/cmr/m/n/12 (+20) Erfahrungen ge-
 []


Overfull \hbox (2.2606pt too wide) in paragraph at lines 320--320
[]|\T1/cmr/bx/n/12 (-20) Könnte| 
 []


Overfull \hbox (100.45313pt too wide) in alignment at lines 320--320
 [] [] [] [] [] [] 
 []


Underfull \hbox (badness 10000) in paragraph at lines 326--326
[]|\T1/cmr/bx/n/12 (+20) In mei-ner
 []


Overfull \hbox (10.6852pt too wide) in paragraph at lines 326--326
[]|\T1/cmr/bx/n/12 (-20) Priorität| 
 []


Overfull \hbox (100.45313pt too wide) in alignment at lines 326--326
 [] [] [] [] [] [] 
 []


Underfull \hbox (badness 10000) in paragraph at lines 326--326
[]|\T1/cmr/bx/n/12 (+20) In mei-ner
 []


Overfull \hbox (10.6852pt too wide) in paragraph at lines 326--326
[]|\T1/cmr/bx/n/12 (-20) Priorität| 
 []


Overfull \hbox (100.45313pt too wide) in alignment at lines 326--326
 [] [] [] [] [] [] 
 []


Underfull \hbox (badness 10000) in paragraph at lines 326--326
[]|\T1/cmr/m/n/12 (+20) US-36 Rol-len
 []


Overfull \hbox (15.36586pt too wide) in paragraph at lines 326--326
[]|\T1/cmr/m/n/12 (-20) Institutionsadmin| 
 []


Underfull \hbox (badness 10000) in paragraph at lines 326--326
[]|\T1/cmr/m/n/12 (+20) Berechtigungen wer-
 []


Overfull \hbox (24.95934pt too wide) in paragraph at lines 326--326
[]|\T1/cmr/m/n/12 (-20) Institutionsmitglied| 
 []


Overfull \hbox (15.36586pt too wide) in paragraph at lines 326--326
[]|\T1/cmr/m/n/12 (-20) Institutionsadmin| 
 []


Underfull \hbox (badness 10000) in paragraph at lines 326--326
[]|\T1/cmr/m/n/12 (+20) Community-
 []


Overfull \hbox (100.45313pt too wide) in alignment at lines 326--326
 [] [] [] [] [] [] 
 []



[9]
Underfull \hbox (badness 10000) in paragraph at lines 331--331
[]|\T1/cmr/bx/n/12 (+20) In mei-ner
 []


Overfull \hbox (10.6852pt too wide) in paragraph at lines 331--331
[]|\T1/cmr/bx/n/12 (-20) Priorität| 
 []


Overfull \hbox (100.45313pt too wide) in alignment at lines 331--331
 [] [] [] [] [] [] 
 []


Underfull \hbox (badness 10000) in paragraph at lines 331--331
[]|\T1/cmr/bx/n/12 (+20) In mei-ner
 []


Overfull \hbox (10.6852pt too wide) in paragraph at lines 331--331
[]|\T1/cmr/bx/n/12 (-20) Priorität| 
 []


Overfull \hbox (100.45313pt too wide) in alignment at lines 331--331
 [] [] [] [] [] [] 
 []


Underfull \hbox (badness 10000) in paragraph at lines 331--331
[]|\T1/cmr/m/n/12 (+20) eine öf-fent-li-che
 []


Underfull \hbox (badness 10000) in paragraph at lines 331--331
[]|\T1/cmr/m/n/12 (+20) US-40 QR-
 []


Underfull \hbox (badness 10000) in paragraph at lines 331--331
\T1/cmr/m/n/12 (+20) Code ge-ne-rie-
 []


Underfull \hbox (badness 6592) in paragraph at lines 331--331
[]|\T1/cmr/m/n/12 (+20) einen QR-Code
 []


Underfull \hbox (badness 10000) in paragraph at lines 331--331
[]|\T1/cmr/m/n/12 (+20) ich den Link
 []


Underfull \hbox (badness 10000) in paragraph at lines 331--331
\T1/cmr/m/n/12 (+20) schnell tei-len
 []


Overfull \hbox (100.45313pt too wide) in alignment at lines 331--331
 [] [] [] [] [] [] 
 []


Underfull \hbox (badness 10000) in paragraph at lines 339--339
[]|\T1/cmr/bx/n/12 (+20) In mei-ner
 []


Overfull \hbox (10.6852pt too wide) in paragraph at lines 339--339
[]|\T1/cmr/bx/n/12 (-20) Priorität| 
 []


Overfull \hbox (100.45313pt too wide) in alignment at lines 339--339
 [] [] [] [] [] [] 
 []


Underfull \hbox (badness 10000) in paragraph at lines 339--339
[]|\T1/cmr/bx/n/12 (+20) In mei-ner
 []


Overfull \hbox (10.6852pt too wide) in paragraph at lines 339--339
[]|\T1/cmr/bx/n/12 (-20) Priorität| 
 []


Overfull \hbox (100.45313pt too wide) in alignment at lines 339--339
 [] [] [] [] [] [] 
 []


Underfull \hbox (badness 5091) in paragraph at lines 339--339
[]|\T1/cmr/m/n/12 (+20) sie au-to-ma-tisch
 []


Overfull \hbox (2.2606pt too wide) in paragraph at lines 339--339
[]|\T1/cmr/bx/n/12 (-20) Könnte| 
 []


Underfull \hbox (badness 10000) in paragraph at lines 339--339
\T1/cmr/m/n/12 (+20) rich-ti-gun-gen
 []


Underfull \hbox (badness 10000) in paragraph at lines 339--339
[]|\T1/cmr/m/n/12 (+20) US-42a
 []


Underfull \hbox (badness 10000) in paragraph at lines 339--339
\T1/cmr/m/n/12 (+20) Sprachas-sis-
 []


Underfull \hbox (badness 10000) in paragraph at lines 339--339
[]|\T1/cmr/m/n/12 (+20) einen di-gi-ta-len
 []


Underfull \hbox (badness 10000) in paragraph at lines 339--339
\T1/cmr/m/n/12 (+20) Sprachas-sis-ten-
 []


Overfull \hbox (2.2606pt too wide) in paragraph at lines 339--339
[]|\T1/cmr/bx/n/12 (-20) Könnte| 
 []


Underfull \hbox (badness 1189) in paragraph at lines 339--339
[]|\T1/cmr/m/n/12 (+20) US-42b Ter-mi-
 []


Underfull \hbox (badness 6792) in paragraph at lines 339--339
[]|\T1/cmr/m/n/12 (+20) meine nächs-ten
 []


Underfull \hbox (badness 10000) in paragraph at lines 339--339
\T1/cmr/m/n/12 (+20) Ter-mi-ne per
 []


Underfull \hbox (badness 10000) in paragraph at lines 339--339
\T1/cmr/m/n/12 (+20) Sprach-be-fehl
 []


Overfull \hbox (2.2606pt too wide) in paragraph at lines 339--339
[]|\T1/cmr/bx/n/12 (-20) Könnte| 
 []


Underfull \hbox (badness 10000) in paragraph at lines 339--339
[]|\T1/cmr/m/n/12 (+20) einfache Ak-tio-
 []


Underfull \hbox (badness 10000) in paragraph at lines 339--339
\T1/cmr/m/n/12 (+20) ab-ha-ken oder
 []


Underfull \hbox (badness 10000) in paragraph at lines 339--339
\T1/cmr/m/n/12 (+20) Ein-zah-lun-gen
 []


Underfull \hbox (badness 10000) in paragraph at lines 339--339
\T1/cmr/m/n/12 (+20) be-stä-ti-gen per
 []


Underfull \hbox (badness 4492) in paragraph at lines 339--339
\T1/cmr/m/n/12 (+20) Spra-che aus-füh-
 []


Underfull \hbox (badness 1394) in paragraph at lines 339--339
[]|\T1/cmr/m/n/12 (+20) Aktion wird kor-rekt
 []


Overfull \hbox (2.2606pt too wide) in paragraph at lines 339--339
[]|\T1/cmr/bx/n/12 (-20) Könnte| 
 []


Overfull \hbox (100.45313pt too wide) in alignment at lines 339--339
 [] [] [] [] [] [] 
 []


Underfull \hbox (badness 10000) in paragraph at lines 346--346
[]|\T1/cmr/bx/n/12 (+20) In mei-ner
 []


Overfull \hbox (10.6852pt too wide) in paragraph at lines 346--346
[]|\T1/cmr/bx/n/12 (-20) Priorität| 
 []


Overfull \hbox (100.45313pt too wide) in alignment at lines 346--346
 [] [] [] [] [] [] 
 []


Underfull \hbox (badness 10000) in paragraph at lines 346--346
[]|\T1/cmr/bx/n/12 (+20) In mei-ner
 []


Overfull \hbox (10.6852pt too wide) in paragraph at lines 346--346
[]|\T1/cmr/bx/n/12 (-20) Priorität| 
 []


Overfull \hbox (100.45313pt too wide) in alignment at lines 346--346
 [] [] [] [] [] [] 
 []


Underfull \hbox (badness 10000) in paragraph at lines 346--346
[]|\T1/cmr/m/n/12 (+20) Angebotsdokument
 []


Underfull \hbox (badness 10000) in paragraph at lines 346--346
[]|\T1/cmr/m/n/12 (+20) US-45 Rech-
 []


Underfull \hbox (badness 10000) in paragraph at lines 346--346
[]|\T1/cmr/m/n/12 (+20) ich ab-rech-nen
 []


Underfull \hbox (badness 1472) in paragraph at lines 346--346
[]|\T1/cmr/m/n/12 (+20) an of-fe-ne Rech-
 []


Overfull \hbox (100.45313pt too wide) in alignment at lines 346--346
 [] [] [] [] [] [] 
 []



[10]
Underfull \hbox (badness 10000) in paragraph at lines 353--353
[]|\T1/cmr/bx/n/12 (+20) In mei-ner
 []


Overfull \hbox (10.6852pt too wide) in paragraph at lines 353--353
[]|\T1/cmr/bx/n/12 (-20) Priorität| 
 []


Overfull \hbox (100.45313pt too wide) in alignment at lines 353--353
 [] [] [] [] [] [] 
 []


Underfull \hbox (badness 10000) in paragraph at lines 353--353
[]|\T1/cmr/bx/n/12 (+20) In mei-ner
 []


Overfull \hbox (10.6852pt too wide) in paragraph at lines 353--353
[]|\T1/cmr/bx/n/12 (-20) Priorität| 
 []


Overfull \hbox (100.45313pt too wide) in alignment at lines 353--353
 [] [] [] [] [] [] 
 []


Underfull \hbox (badness 3128) in paragraph at lines 353--353
[]|\T1/cmr/m/n/12 (+20) Bestand ak-tu-ell
 []


Underfull \hbox (badness 10000) in paragraph at lines 353--353
[]|\T1/cmr/m/n/12 (+20) Material ei-nem
 []


Overfull \hbox (1.48685pt too wide) in paragraph at lines 353--353
[]|\T1/cmr/m/n/12 (-20) Doppelbuchungen
 []


Underfull \hbox (badness 10000) in paragraph at lines 353--353
\T1/cmr/m/n/12 (+20) ver-mie-den wer-
 []


Underfull \hbox (badness 3449) in paragraph at lines 353--353
[]|\T1/cmr/m/n/12 (+20) Mitarbeiter pla-
 []


Underfull \hbox (badness 2165) in paragraph at lines 353--353
[]|\T1/cmr/m/n/12 (+20) Personal ver-füg-
 []


Underfull \hbox (badness 10000) in paragraph at lines 353--353
[]|\T1/cmr/m/n/12 (+20) Einsatzplan be-rück-
 []


Underfull \hbox (badness 10000) in paragraph at lines 353--353
[]|\T1/cmr/m/n/12 (+20) US-50 War-
 []


Overfull \hbox (100.45313pt too wide) in alignment at lines 353--353
 [] [] [] [] [] [] 
 []



[11]

[12]

[13]

[14]
<pngs/zustandsdiagramm_privatnutzer.png, id=491, 1285.80376pt x 705.63625pt>
File: pngs/zustandsdiagramm_privatnutzer.png Graphic file (type png)
<use pngs/zustandsdiagramm_privatnutzer.png>
Package pdftex.def Info: pngs/zustandsdiagramm_privatnutzer.png  used on input line 447.
(pdftex.def)             Requested size: 455.24411pt x 249.82967pt.


[15]
<pngs/zustandsdiagramm_organisator.png, id=496, 1184.425pt x 800.9925pt>
File: pngs/zustandsdiagramm_organisator.png Graphic file (type png)
<use pngs/zustandsdiagramm_organisator.png>
Package pdftex.def Info: pngs/zustandsdiagramm_organisator.png  used on input line 454.
(pdftex.def)             Requested size: 455.24411pt x 307.86362pt.
<pngs/zustandsdiagramm_dienstleister.png, id=497, 1034.86626pt x 1454.43375pt>
File: pngs/zustandsdiagramm_dienstleister.png Graphic file (type png)
<use pngs/zustandsdiagramm_dienstleister.png>
Package pdftex.def Info: pngs/zustandsdiagramm_dienstleister.png  used on input line 461.
(pdftex.def)             Requested size: 455.24411pt x 639.81967pt.


[16 <./pngs/zustandsdiagramm_privatnutzer.png> <./pngs/zustandsdiagramm_organisator.png>]
<mockups/login.png, id=506, 1541.76pt x 1027.84pt>
File: mockups/login.png Graphic file (type png)
<use mockups/login.png>
Package pdftex.def Info: mockups/login.png  used on input line 471.
(pdftex.def)             Requested size: 455.24411pt x 303.49248pt.


[17 <./pngs/zustandsdiagramm_dienstleister.png>]
<mockups/Dashboard.png, id=514, 1541.76pt x 1027.84pt>
File: mockups/Dashboard.png Graphic file (type png)
<use mockups/Dashboard.png>
Package pdftex.def Info: mockups/Dashboard.png  used on input line 478.
(pdftex.def)             Requested size: 455.24411pt x 303.49248pt.


[18 <./mockups/login.png>]
<mockups/Gruppenuebersicht.png, id